<?xml version="1.0" encoding="UTF-8"?>
<!-- Generated by org.testng.reporters.JUnitReportReporter -->
<testsuite hostname="DESKTOP-S8R12TB" failures="0" tests="2" name="MainTest" time="0.005" errors="0" timestamp="2022-04-23T21:24:11 MSK" skipped="0">
  <testcase classname="MainTest" name="testAbbr4" time="0.005"/>
  <system-out/>
  <testcase classname="MainTest" name="testAbbr8" time="0.000"/>
  <system-out/>
</testsuite> <!-- MainTest -->
